[debug] [2022-05-30T13:01:46.094Z] ----------------------------------------------------------------------
[debug] [2022-05-30T13:01:46.095Z] Command:       /usr/local/bin/node /usr/local/bin/firebase init
[debug] [2022-05-30T13:01:46.096Z] CLI Version:   11.0.1
[debug] [2022-05-30T13:01:46.096Z] Platform:      darwin
[debug] [2022-05-30T13:01:46.096Z] Node Version:  v16.15.0
[debug] [2022-05-30T13:01:46.102Z] Time:          Mon May 30 2022 15:01:46 GMT+0200 (Central European Summer Time)
[debug] [2022-05-30T13:01:46.102Z] ----------------------------------------------------------------------
[debug] 
[debug] [2022-05-30T13:01:46.150Z] > command requires scopes: ["email","openid","https://www.googleapis.com/auth/cloudplatformprojects.readonly","https://www.googleapis.com/auth/firebase","https://www.googleapis.com/auth/cloud-platform"]
[debug] [2022-05-30T13:01:46.151Z] > authorizing via signed-in user (norouzi.iut@gmail.com)
[info] 
     ######## #### ########  ######## ########     ###     ######  ########
     ##        ##  ##     ## ##       ##     ##  ##   ##  ##       ##
     ######    ##  ########  ######   ########  #########  ######  ######
     ##        ##  ##    ##  ##       ##     ## ##     ##       ## ##
     ##       #### ##     ## ######## ########  ##     ##  ######  ########

You're about to initialize a Firebase project in this directory:

  /Users/ebrahimnorouzi/Downloads/angular/EbrahimPortfolio

Before we get started, keep in mind:

  * You are initializing within an existing Firebase project directory

[info] 
=== Project Setup
[info] 
[info] First, let's associate this project directory with a Firebase project.
[info] You can create multiple project aliases by running firebase use --add, 
[info] but for now we'll just set up a default project.
[info] 
[debug] [2022-05-30T13:02:15.360Z] Using project from CLI flag: angularportfolio-bb394
[debug] [2022-05-30T13:02:15.362Z] >>> [apiv2][query] GET https://firebase.googleapis.com/v1beta1/projects/angularportfolio-bb394 [none]
[debug] [2022-05-30T13:02:15.875Z] <<< [apiv2][status] GET https://firebase.googleapis.com/v1beta1/projects/angularportfolio-bb394 200
[debug] [2022-05-30T13:02:15.875Z] <<< [apiv2][body] GET https://firebase.googleapis.com/v1beta1/projects/angularportfolio-bb394 {"projectId":"angularportfolio-bb394","projectNumber":"910762891442","displayName":"AngularPortfolio","name":"projects/angularportfolio-bb394","resources":{"hostingSite":"angularportfolio-bb394","realtimeDatabaseInstance":"angularportfolio-bb394-default-rtdb","storageBucket":"angularportfolio-bb394.appspot.com","locationId":"us-central"},"state":"ACTIVE"}
[info] i  Using project angularportfolio-bb394 (AngularPortfolio) 
[info] 
=== Firestore Setup
[debug] [2022-05-30T13:02:15.905Z] >>> [apiv2][query] GET https://serviceusage.googleapis.com/v1/projects/angularportfolio-bb394/services/firestore.googleapis.com [none]
[debug] [2022-05-30T13:02:16.789Z] <<< [apiv2][status] GET https://serviceusage.googleapis.com/v1/projects/angularportfolio-bb394/services/firestore.googleapis.com 200
[debug] [2022-05-30T13:02:16.790Z] <<< [apiv2][body] GET https://serviceusage.googleapis.com/v1/projects/angularportfolio-bb394/services/firestore.googleapis.com [omitted]
[debug] [2022-05-30T13:02:16.790Z] >>> [apiv2][query] GET https://appengine.googleapis.com/v1/apps/angularportfolio-bb394 [none]
[debug] [2022-05-30T13:02:17.104Z] <<< [apiv2][status] GET https://appengine.googleapis.com/v1/apps/angularportfolio-bb394 200
[debug] [2022-05-30T13:02:17.104Z] <<< [apiv2][body] GET https://appengine.googleapis.com/v1/apps/angularportfolio-bb394 {"name":"apps/angularportfolio-bb394","id":"angularportfolio-bb394","authDomain":"gmail.com","locationId":"us-central","codeBucket":"staging.angularportfolio-bb394.appspot.com","servingStatus":"SERVING","defaultHostname":"angularportfolio-bb394.uc.r.appspot.com","defaultBucket":"angularportfolio-bb394.appspot.com","serviceAccount":"angularportfolio-bb394@appspot.gserviceaccount.com","gcrDomain":"us.gcr.io","databaseType":"CLOUD_FIRESTORE","featureSettings":{"splitHealthChecks":true,"useContainerOptimizedOs":true}}
[debug] [2022-05-30T13:02:17.104Z] database_type: CLOUD_FIRESTORE
[debug] [2022-05-30T13:02:17.105Z] > command requires scopes: ["email","openid","https://www.googleapis.com/auth/cloudplatformprojects.readonly","https://www.googleapis.com/auth/firebase","https://www.googleapis.com/auth/cloud-platform"]
[debug] [2022-05-30T13:02:17.105Z] > authorizing via signed-in user (norouzi.iut@gmail.com)
[debug] [2022-05-30T13:02:17.105Z] [iam] checking project angularportfolio-bb394 for permissions ["firebase.projects.get"]
[debug] [2022-05-30T13:02:17.106Z] >>> [apiv2][query] POST https://cloudresourcemanager.googleapis.com/v1/projects/angularportfolio-bb394:testIamPermissions [none]
[debug] [2022-05-30T13:02:17.106Z] >>> [apiv2][body] POST https://cloudresourcemanager.googleapis.com/v1/projects/angularportfolio-bb394:testIamPermissions {"permissions":["firebase.projects.get"]}
[debug] [2022-05-30T13:02:17.357Z] <<< [apiv2][status] POST https://cloudresourcemanager.googleapis.com/v1/projects/angularportfolio-bb394:testIamPermissions 200
[debug] [2022-05-30T13:02:17.358Z] <<< [apiv2][body] POST https://cloudresourcemanager.googleapis.com/v1/projects/angularportfolio-bb394:testIamPermissions {"permissions":["firebase.projects.get"]}
[info] 
[info] Firestore Security Rules allow you to define how and when to allow
[info] requests. You can keep these rules in your project directory
[info] and publish them with firebase deploy.
[info] 
[debug] [2022-05-30T13:02:51.241Z] >>> [apiv2][query] GET https://firebaserules.googleapis.com/v1/projects/angularportfolio-bb394/releases pageSize=10&pageToken=
[debug] [2022-05-30T13:02:52.115Z] <<< [apiv2][status] GET https://firebaserules.googleapis.com/v1/projects/angularportfolio-bb394/releases 200
[debug] [2022-05-30T13:02:52.115Z] <<< [apiv2][body] GET https://firebaserules.googleapis.com/v1/projects/angularportfolio-bb394/releases {"releases":[{"name":"projects/angularportfolio-bb394/releases/cloud.firestore","rulesetName":"projects/angularportfolio-bb394/rulesets/dc6806b0-69eb-46f6-9001-926da307208d","createTime":"2022-05-27T08:02:05.663196Z","updateTime":"2022-05-27T08:03:20.349851Z"},{"name":"projects/angularportfolio-bb394/releases/firebase.storage/angularportfolio-bb394.appspot.com","rulesetName":"projects/angularportfolio-bb394/rulesets/1bb65ecf-7768-4bd2-aaf5-cdb4dd338bf2","createTime":"2022-05-27T08:11:19.113589Z","updateTime":"2022-05-27T08:11:19.113589Z"}]}
[debug] [2022-05-30T13:02:52.117Z] Found ruleset: projects/angularportfolio-bb394/rulesets/dc6806b0-69eb-46f6-9001-926da307208d
[debug] [2022-05-30T13:02:52.117Z] >>> [apiv2][query] GET https://firebaserules.googleapis.com/v1/projects/angularportfolio-bb394/rulesets/dc6806b0-69eb-46f6-9001-926da307208d [none]
[debug] [2022-05-30T13:02:52.829Z] <<< [apiv2][status] GET https://firebaserules.googleapis.com/v1/projects/angularportfolio-bb394/rulesets/dc6806b0-69eb-46f6-9001-926da307208d 200
[debug] [2022-05-30T13:02:52.829Z] <<< [apiv2][body] GET https://firebaserules.googleapis.com/v1/projects/angularportfolio-bb394/rulesets/dc6806b0-69eb-46f6-9001-926da307208d [omitted]
[info] 
[info] Firestore indexes allow you to perform complex queries while
[info] maintaining performance that scales with the size of the result
[info] set. You can keep index definitions in your project directory
[info] and publish them with firebase deploy.
[info] 
[debug] [2022-05-30T13:03:03.813Z] >>> [apiv2][query] GET https://firestore.googleapis.com/v1/projects/angularportfolio-bb394/databases/(default)/collectionGroups/-/indexes [none]
[debug] [2022-05-30T13:03:03.816Z] >>> [apiv2][query] GET https://firestore.googleapis.com/v1/projects/angularportfolio-bb394/databases/(default)/collectionGroups/-/fields?filter=indexConfig.usesAncestorConfig=false [none]
[debug] [2022-05-30T13:03:04.087Z] <<< [apiv2][status] GET https://firestore.googleapis.com/v1/projects/angularportfolio-bb394/databases/(default)/collectionGroups/-/fields?filter=indexConfig.usesAncestorConfig=false 200
[debug] [2022-05-30T13:03:04.088Z] <<< [apiv2][body] GET https://firestore.googleapis.com/v1/projects/angularportfolio-bb394/databases/(default)/collectionGroups/-/fields?filter=indexConfig.usesAncestorConfig=false {"fields":[{"name":"projects/angularportfolio-bb394/databases/(default)/collectionGroups/__default__/fields/*","indexConfig":{"indexes":[{"queryScope":"COLLECTION","fields":[{"fieldPath":"*","order":"ASCENDING"}],"state":"READY"},{"queryScope":"COLLECTION","fields":[{"fieldPath":"*","order":"DESCENDING"}],"state":"READY"},{"queryScope":"COLLECTION","fields":[{"fieldPath":"*","arrayConfig":"CONTAINS"}],"state":"READY"}]}}]}
[debug] [2022-05-30T13:03:04.711Z] <<< [apiv2][status] GET https://firestore.googleapis.com/v1/projects/angularportfolio-bb394/databases/(default)/collectionGroups/-/indexes 200
[debug] [2022-05-30T13:03:04.711Z] <<< [apiv2][body] GET https://firestore.googleapis.com/v1/projects/angularportfolio-bb394/databases/(default)/collectionGroups/-/indexes {}
[info] 
=== Hosting Setup
[info] 
[info] Your public directory is the folder (relative to your project directory) that
[info] will contain Hosting assets to be uploaded with firebase deploy. If you
[info] have a build process for your assets, use your build's output directory.
[info] 
[debug] [2022-05-30T13:03:46.278Z] >>> [apiv2][query] GET https://www.gstatic.com/firebasejs/releases.json [none]
[debug] [2022-05-30T13:03:46.356Z] <<< [apiv2][status] GET https://www.gstatic.com/firebasejs/releases.json 200
[debug] [2022-05-30T13:03:46.356Z] <<< [apiv2][body] GET https://www.gstatic.com/firebasejs/releases.json {"current":{"version":"9.8.2","browserURL":"https://www.gstatic.com/firebasejs/9.8.2/firebase.js","packageURL":"https://www.gstatic.com/firebasejs/9.8.2/firebase.tgz"},"live":{"version":"9.8","browserURL":"https://www.gstatic.com/firebasejs/live/9.8/firebase.js","packageURL":"https://www.gstatic.com/firebasejs/live/9.8/firebase.tgz"},"components":{"analytics":"https://www.gstatic.com/firebasejs/9.8.2/firebase-analytics.js","app":"https://www.gstatic.com/firebasejs/9.8.2/firebase-app.js","app-check":"https://www.gstatic.com/firebasejs/9.8.2/firebase-app-check.js","auth":"https://www.gstatic.com/firebasejs/9.8.2/firebase-auth.js","auth/cordova":"https://www.gstatic.com/firebasejs/9.8.2/firebase-auth/cordova.js","auth/react-native":"https://www.gstatic.com/firebasejs/9.8.2/firebase-auth/react-native.js","functions":"https://www.gstatic.com/firebasejs/9.8.2/firebase-functions.js","firestore":"https://www.gstatic.com/firebasejs/9.8.2/firebase-firestore.js","firestore/lite":"https://www.gstatic.com/firebasejs/9.8.2/firebase-firestore/lite.js","storage":"https://www.gstatic.com/firebasejs/9.8.2/firebase-storage.js","performance":"https://www.gstatic.com/firebasejs/9.8.2/firebase-performance.js","remote-config":"https://www.gstatic.com/firebasejs/9.8.2/firebase-remote-config.js","messaging":"https://www.gstatic.com/firebasejs/9.8.2/firebase-messaging.js","messaging/sw":"https://www.gstatic.com/firebasejs/9.8.2/firebase-messaging/sw.js","database":"https://www.gstatic.com/firebasejs/9.8.2/firebase-database.js","firestore.memory":"https://www.gstatic.com/firebasejs/9.8.2/firebase-firestore.memory.js"}}
[info] ✔  Wrote public/index.html 
[info] 
[info] i  Detected a .git folder at /Users/ebrahimnorouzi/Downloads/angular/EbrahimPortfolio 
[info] i  Authorizing with GitHub to upload your service account to a GitHub repository's secrets store. 
[info] 
[info] Visit this URL on this device to log in:
[info] https://github.com/login/oauth/authorize?client_id=89cf50f02ac6aaed3484&state=799191359&redirect_uri=http%3A%2F%2Flocalhost%3A9005&scope=read%3Auser%20repo%20public_repo
[info] 
[info] Waiting for authentication...
[debug] [2022-05-30T13:04:00.213Z] >>> HTTP REQUEST POST https://github.com/login/oauth/access_token  
 {"client_id":"89cf50f02ac6aaed3484","client_secret":"3330d14abc895d9a74d5f17cd7a00711fa2c5bf0","code":"c0c88712abc3dc685bc1","redirect_uri":"http://localhost:9005","state":"799191359"}
[debug] [2022-05-30T13:04:00.620Z] <<< HTTP RESPONSE 200 {"server":"GitHub.com","date":"Mon, 30 May 2022 13:04:00 GMT","content-type":"application/json; charset=utf-8","transfer-encoding":"chunked","vary":"X-PJAX, X-PJAX-Container, Turbo-Visit, Turbo-Frame, Accept-Encoding, Accept, X-Requested-With","permissions-policy":"interest-cohort=()","etag":"W/\"59e944ec59d36c353a9ac83fbc3c3463\"","cache-control":"max-age=0, private, must-revalidate","strict-transport-security":"max-age=31536000; includeSubdomains; preload","x-frame-options":"deny","x-content-type-options":"nosniff","x-xss-protection":"0","referrer-policy":"origin-when-cross-origin, strict-origin-when-cross-origin","expect-ct":"max-age=2592000, report-uri=\"https://api.github.com/_private/browser/errors\"","content-security-policy":"default-src 'none'; base-uri 'self'; block-all-mixed-content; child-src github.com/assets-cdn/worker/ gist.github.com/assets-cdn/worker/; connect-src 'self' uploads.github.com objects-origin.githubusercontent.com www.githubstatus.com collector.github.com raw.githubusercontent.com api.github.com github-cloud.s3.amazonaws.com github-production-repository-file-5c1aeb.s3.amazonaws.com github-production-upload-manifest-file-7fdce7.s3.amazonaws.com github-production-user-asset-6210df.s3.amazonaws.com cdn.optimizely.com logx.optimizely.com/v1/events *.actions.githubusercontent.com wss://*.actions.githubusercontent.com online.visualstudio.com/api/v1/locations github-production-repository-image-32fea6.s3.amazonaws.com github-production-release-asset-2e65be.s3.amazonaws.com insights.github.com wss://alive.github.com; font-src github.githubassets.com; form-action 'self' github.com gist.github.com objects-origin.githubusercontent.com; frame-ancestors 'none'; frame-src render.githubusercontent.com viewscreen.githubusercontent.com notebooks.githubusercontent.com; img-src 'self' data: github.githubassets.com identicons.github.com github-cloud.s3.amazonaws.com secured-user-images.githubusercontent.com/ github-production-user-asset-6210df.s3.amazonaws.com *.githubusercontent.com; manifest-src 'self'; media-src github.com user-images.githubusercontent.com/; script-src github.githubassets.com; style-src 'unsafe-inline' github.githubassets.com; worker-src github.com/assets-cdn/worker/ gist.github.com/assets-cdn/worker/","x-github-request-id":"41DE:297D:424A7:464B0:6294C0C0"}
[debug] [2022-05-30T13:04:00.636Z] >>> [apiv2][query] GET https://api.github.com/user [none]
[debug] [2022-05-30T13:04:00.872Z] <<< [apiv2][status] GET https://api.github.com/user 200
[debug] [2022-05-30T13:04:00.872Z] <<< [apiv2][body] GET https://api.github.com/user {"login":"ebrahimnorouzi","id":45043740,"node_id":"MDQ6VXNlcjQ1MDQzNzQw","avatar_url":"https://avatars.githubusercontent.com/u/45043740?v=4","gravatar_id":"","url":"https://api.github.com/users/ebrahimnorouzi","html_url":"https://github.com/ebrahimnorouzi","followers_url":"https://api.github.com/users/ebrahimnorouzi/followers","following_url":"https://api.github.com/users/ebrahimnorouzi/following{/other_user}","gists_url":"https://api.github.com/users/ebrahimnorouzi/gists{/gist_id}","starred_url":"https://api.github.com/users/ebrahimnorouzi/starred{/owner}{/repo}","subscriptions_url":"https://api.github.com/users/ebrahimnorouzi/subscriptions","organizations_url":"https://api.github.com/users/ebrahimnorouzi/orgs","repos_url":"https://api.github.com/users/ebrahimnorouzi/repos","events_url":"https://api.github.com/users/ebrahimnorouzi/events{/privacy}","received_events_url":"https://api.github.com/users/ebrahimnorouzi/received_events","type":"User","site_admin":false,"name":null,"company":null,"blog":"","location":null,"email":null,"hireable":null,"bio":null,"twitter_username":null,"public_repos":10,"public_gists":0,"followers":0,"following":5,"created_at":"2018-11-14T16:28:23Z","updated_at":"2022-05-30T13:03:56Z","private_gists":6,"total_private_repos":0,"owned_private_repos":0,"disk_usage":0,"collaborators":0,"two_factor_authentication":false,"plan":{"name":"free","space":976562499,"collaborators":0,"private_repos":10000}}
[info] 
[info] ✔  Success! Logged into GitHub as ebrahimnorouzi 
[info] 
[debug] [2022-05-30T13:04:37.769Z] >>> [apiv2][query] GET https://api.github.com/repos//actions/secrets/public-key type=owner
[debug] [2022-05-30T13:04:37.936Z] <<< [apiv2][status] GET https://api.github.com/repos//actions/secrets/public-key 404
[debug] [2022-05-30T13:04:37.937Z] <<< [apiv2][body] GET https://api.github.com/repos//actions/secrets/public-key {"message":"Not Found","documentation_url":"https://docs.github.com/rest"}
[debug] [2022-05-30T13:04:41.216Z] >>> [apiv2][query] GET https://api.github.com/repos//actions/secrets/public-key type=owner
[debug] [2022-05-30T13:04:41.379Z] <<< [apiv2][status] GET https://api.github.com/repos//actions/secrets/public-key 404
[debug] [2022-05-30T13:04:41.379Z] <<< [apiv2][body] GET https://api.github.com/repos//actions/secrets/public-key {"message":"Not Found","documentation_url":"https://docs.github.com/rest"}
